{"C:\\Users\\alpha\\Documents\\FIPA2\\TestUnitaire\\tp-jest-master\\tp-jest-master\\src\\interval.js": {"path":"C:\\Users\\alpha\\Documents\\FIPA2\\TestUnitaire\\tp-jest-master\\tp-jest-master\\src\\interval.js","statementMap":{"0":{"start":{"line":3,"column":8},"end":{"line":3,"column":27}},"1":{"start":{"line":4,"column":8},"end":{"line":4,"column":22}},"2":{"start":{"line":8,"column":8},"end":{"line":8,"column":55}},"3":{"start":{"line":26,"column":8},"end":{"line":26,"column":70}},"4":{"start":{"line":46,"column":8},"end":{"line":46,"column":72}},"5":{"start":{"line":66,"column":23},"end":{"line":66,"column":33}},"6":{"start":{"line":67,"column":21},"end":{"line":67,"column":29}},"7":{"start":{"line":69,"column":8},"end":{"line":73,"column":9}},"8":{"start":{"line":70,"column":12},"end":{"line":70,"column":36}},"9":{"start":{"line":71,"column":14},"end":{"line":73,"column":9}},"10":{"start":{"line":72,"column":12},"end":{"line":72,"column":34}},"11":{"start":{"line":75,"column":8},"end":{"line":80,"column":9}},"12":{"start":{"line":76,"column":12},"end":{"line":76,"column":33}},"13":{"start":{"line":79,"column":12},"end":{"line":79,"column":37}},"14":{"start":{"line":82,"column":8},"end":{"line":87,"column":9}},"15":{"start":{"line":83,"column":12},"end":{"line":83,"column":29}},"16":{"start":{"line":86,"column":12},"end":{"line":86,"column":33}},"17":{"start":{"line":89,"column":8},"end":{"line":89,"column":45}},"18":{"start":{"line":109,"column":23},"end":{"line":109,"column":27}},"19":{"start":{"line":110,"column":21},"end":{"line":110,"column":25}},"20":{"start":{"line":111,"column":8},"end":{"line":123,"column":9}},"21":{"start":{"line":112,"column":12},"end":{"line":112,"column":38}},"22":{"start":{"line":113,"column":12},"end":{"line":116,"column":13}},"23":{"start":{"line":113,"column":24},"end":{"line":113,"column":32}},"24":{"start":{"line":114,"column":16},"end":{"line":114,"column":45}},"25":{"start":{"line":114,"column":38},"end":{"line":114,"column":44}},"26":{"start":{"line":115,"column":16},"end":{"line":115,"column":27}},"27":{"start":{"line":117,"column":14},"end":{"line":123,"column":9}},"28":{"start":{"line":118,"column":12},"end":{"line":118,"column":34}},"29":{"start":{"line":119,"column":12},"end":{"line":122,"column":13}},"30":{"start":{"line":119,"column":22},"end":{"line":119,"column":23}},"31":{"start":{"line":120,"column":16},"end":{"line":120,"column":37}},"32":{"start":{"line":120,"column":31},"end":{"line":120,"column":37}},"33":{"start":{"line":121,"column":16},"end":{"line":121,"column":28}},"34":{"start":{"line":124,"column":8},"end":{"line":124,"column":41}},"35":{"start":{"line":124,"column":29},"end":{"line":124,"column":41}},"36":{"start":{"line":125,"column":8},"end":{"line":125,"column":45}},"37":{"start":{"line":149,"column":0},"end":{"line":149,"column":26}}},"fnMap":{"0":{"name":"(anonymous_0)","decl":{"start":{"line":2,"column":4},"end":{"line":2,"column":5}},"loc":{"start":{"line":2,"column":28},"end":{"line":5,"column":5}},"line":2},"1":{"name":"(anonymous_1)","decl":{"start":{"line":7,"column":4},"end":{"line":7,"column":5}},"loc":{"start":{"line":7,"column":15},"end":{"line":9,"column":5}},"line":7},"2":{"name":"(anonymous_2)","decl":{"start":{"line":25,"column":4},"end":{"line":25,"column":5}},"loc":{"start":{"line":25,"column":23},"end":{"line":27,"column":5}},"line":25},"3":{"name":"(anonymous_3)","decl":{"start":{"line":45,"column":4},"end":{"line":45,"column":5}},"loc":{"start":{"line":45,"column":23},"end":{"line":47,"column":5}},"line":45},"4":{"name":"(anonymous_4)","decl":{"start":{"line":65,"column":4},"end":{"line":65,"column":5}},"loc":{"start":{"line":65,"column":20},"end":{"line":90,"column":5}},"line":65},"5":{"name":"(anonymous_5)","decl":{"start":{"line":108,"column":4},"end":{"line":108,"column":5}},"loc":{"start":{"line":108,"column":27},"end":{"line":126,"column":5}},"line":108},"6":{"name":"(anonymous_6)","decl":{"start":{"line":144,"column":4},"end":{"line":144,"column":5}},"loc":{"start":{"line":144,"column":24},"end":{"line":146,"column":5}},"line":144}},"branchMap":{"0":{"loc":{"start":{"line":26,"column":15},"end":{"line":26,"column":69}},"type":"binary-expr","locations":[{"start":{"line":26,"column":15},"end":{"line":26,"column":40}},{"start":{"line":26,"column":44},"end":{"line":26,"column":69}}],"line":26},"1":{"loc":{"start":{"line":46,"column":16},"end":{"line":46,"column":70}},"type":"binary-expr","locations":[{"start":{"line":46,"column":16},"end":{"line":46,"column":43}},{"start":{"line":46,"column":47},"end":{"line":46,"column":70}}],"line":46},"2":{"loc":{"start":{"line":69,"column":8},"end":{"line":73,"column":9}},"type":"if","locations":[{"start":{"line":69,"column":8},"end":{"line":73,"column":9}},{"start":{"line":69,"column":8},"end":{"line":73,"column":9}}],"line":69},"3":{"loc":{"start":{"line":71,"column":14},"end":{"line":73,"column":9}},"type":"if","locations":[{"start":{"line":71,"column":14},"end":{"line":73,"column":9}},{"start":{"line":71,"column":14},"end":{"line":73,"column":9}}],"line":71},"4":{"loc":{"start":{"line":75,"column":8},"end":{"line":80,"column":9}},"type":"if","locations":[{"start":{"line":75,"column":8},"end":{"line":80,"column":9}},{"start":{"line":75,"column":8},"end":{"line":80,"column":9}}],"line":75},"5":{"loc":{"start":{"line":82,"column":8},"end":{"line":87,"column":9}},"type":"if","locations":[{"start":{"line":82,"column":8},"end":{"line":87,"column":9}},{"start":{"line":82,"column":8},"end":{"line":87,"column":9}}],"line":82},"6":{"loc":{"start":{"line":111,"column":8},"end":{"line":123,"column":9}},"type":"if","locations":[{"start":{"line":111,"column":8},"end":{"line":123,"column":9}},{"start":{"line":111,"column":8},"end":{"line":123,"column":9}}],"line":111},"7":{"loc":{"start":{"line":111,"column":11},"end":{"line":111,"column":68}},"type":"binary-expr","locations":[{"start":{"line":111,"column":11},"end":{"line":111,"column":36}},{"start":{"line":111,"column":40},"end":{"line":111,"column":68}}],"line":111},"8":{"loc":{"start":{"line":114,"column":16},"end":{"line":114,"column":45}},"type":"if","locations":[{"start":{"line":114,"column":16},"end":{"line":114,"column":45}},{"start":{"line":114,"column":16},"end":{"line":114,"column":45}}],"line":114},"9":{"loc":{"start":{"line":117,"column":14},"end":{"line":123,"column":9}},"type":"if","locations":[{"start":{"line":117,"column":14},"end":{"line":123,"column":9}},{"start":{"line":117,"column":14},"end":{"line":123,"column":9}}],"line":117},"10":{"loc":{"start":{"line":117,"column":18},"end":{"line":117,"column":74}},"type":"binary-expr","locations":[{"start":{"line":117,"column":18},"end":{"line":117,"column":43}},{"start":{"line":117,"column":47},"end":{"line":117,"column":74}}],"line":117},"11":{"loc":{"start":{"line":120,"column":16},"end":{"line":120,"column":37}},"type":"if","locations":[{"start":{"line":120,"column":16},"end":{"line":120,"column":37}},{"start":{"line":120,"column":16},"end":{"line":120,"column":37}}],"line":120},"12":{"loc":{"start":{"line":124,"column":8},"end":{"line":124,"column":41}},"type":"if","locations":[{"start":{"line":124,"column":8},"end":{"line":124,"column":41}},{"start":{"line":124,"column":8},"end":{"line":124,"column":41}}],"line":124}},"s":{"0":31,"1":31,"2":0,"3":2,"4":4,"5":4,"6":4,"7":4,"8":1,"9":3,"10":1,"11":2,"12":1,"13":1,"14":2,"15":2,"16":0,"17":2,"18":5,"19":5,"20":5,"21":2,"22":2,"23":2,"24":7,"25":1,"26":6,"27":3,"28":2,"29":2,"30":2,"31":17,"32":1,"33":16,"34":5,"35":1,"36":4,"37":1},"f":{"0":31,"1":0,"2":2,"3":4,"4":4,"5":5,"6":0},"b":{"0":[2,2],"1":[4,2],"2":[1,3],"3":[1,2],"4":[1,1],"5":[2,0],"6":[2,3],"7":[5,5],"8":[1,6],"9":[2,1],"10":[3,2],"11":[1,16],"12":[1,4]},"_coverageSchema":"43e27e138ebf9cfc5966b082cf9a028302ed4184","hash":"18606442ba916c49b0e42b2bad59166a605f49ae"}
,"C:\\Users\\alpha\\Documents\\FIPA2\\TestUnitaire\\tp-jest-master\\tp-jest-master\\src\\math.js": {"path":"C:\\Users\\alpha\\Documents\\FIPA2\\TestUnitaire\\tp-jest-master\\tp-jest-master\\src\\math.js","statementMap":{"0":{"start":{"line":1,"column":11},"end":{"line":1,"column":13}},"1":{"start":{"line":2,"column":0},"end":{"line":16,"column":2}},"2":{"start":{"line":3,"column":4},"end":{"line":5,"column":5}},"3":{"start":{"line":4,"column":8},"end":{"line":4,"column":17}},"4":{"start":{"line":7,"column":4},"end":{"line":9,"column":5}},"5":{"start":{"line":8,"column":8},"end":{"line":8,"column":27}},"6":{"start":{"line":11,"column":4},"end":{"line":13,"column":5}},"7":{"start":{"line":12,"column":8},"end":{"line":12,"column":29}},"8":{"start":{"line":15,"column":4},"end":{"line":15,"column":37}},"9":{"start":{"line":26,"column":0},"end":{"line":37,"column":2}},"10":{"start":{"line":27,"column":4},"end":{"line":29,"column":5}},"11":{"start":{"line":28,"column":8},"end":{"line":28,"column":21}},"12":{"start":{"line":30,"column":4},"end":{"line":32,"column":5}},"13":{"start":{"line":31,"column":8},"end":{"line":31,"column":49}},"14":{"start":{"line":33,"column":4},"end":{"line":34,"column":38}},"15":{"start":{"line":33,"column":17},"end":{"line":33,"column":18}},"16":{"start":{"line":34,"column":8},"end":{"line":34,"column":38}},"17":{"start":{"line":34,"column":25},"end":{"line":34,"column":38}},"18":{"start":{"line":35,"column":4},"end":{"line":35,"column":16}},"19":{"start":{"line":49,"column":0},"end":{"line":63,"column":2}},"20":{"start":{"line":50,"column":4},"end":{"line":52,"column":5}},"21":{"start":{"line":51,"column":8},"end":{"line":51,"column":17}},"22":{"start":{"line":53,"column":4},"end":{"line":55,"column":5}},"23":{"start":{"line":54,"column":8},"end":{"line":54,"column":50}},"24":{"start":{"line":56,"column":4},"end":{"line":61,"column":5}},"25":{"start":{"line":57,"column":8},"end":{"line":57,"column":38}},"26":{"start":{"line":60,"column":8},"end":{"line":60,"column":34}},"27":{"start":{"line":77,"column":0},"end":{"line":94,"column":2}},"28":{"start":{"line":78,"column":18},"end":{"line":78,"column":20}},"29":{"start":{"line":79,"column":4},"end":{"line":92,"column":5}},"30":{"start":{"line":79,"column":16},"end":{"line":79,"column":17}},"31":{"start":{"line":80,"column":8},"end":{"line":91,"column":9}},"32":{"start":{"line":81,"column":12},"end":{"line":81,"column":37}},"33":{"start":{"line":83,"column":13},"end":{"line":91,"column":9}},"34":{"start":{"line":84,"column":12},"end":{"line":84,"column":33}},"35":{"start":{"line":86,"column":13},"end":{"line":91,"column":9}},"36":{"start":{"line":87,"column":12},"end":{"line":87,"column":33}},"37":{"start":{"line":90,"column":12},"end":{"line":90,"column":28}},"38":{"start":{"line":93,"column":4},"end":{"line":93,"column":19}},"39":{"start":{"line":105,"column":0},"end":{"line":122,"column":2}},"40":{"start":{"line":107,"column":18},"end":{"line":107,"column":20}},"41":{"start":{"line":109,"column":4},"end":{"line":119,"column":5}},"42":{"start":{"line":109,"column":15},"end":{"line":109,"column":16}},"43":{"start":{"line":111,"column":8},"end":{"line":118,"column":9}},"44":{"start":{"line":113,"column":12},"end":{"line":113,"column":70}},"45":{"start":{"line":117,"column":12},"end":{"line":117,"column":27}},"46":{"start":{"line":121,"column":4},"end":{"line":121,"column":20}},"47":{"start":{"line":137,"column":0},"end":{"line":148,"column":2}},"48":{"start":{"line":138,"column":12},"end":{"line":138,"column":13}},"49":{"start":{"line":139,"column":4},"end":{"line":146,"column":5}},"50":{"start":{"line":139,"column":14},"end":{"line":139,"column":15}},"51":{"start":{"line":140,"column":21},"end":{"line":140,"column":29}},"52":{"start":{"line":141,"column":8},"end":{"line":145,"column":9}},"53":{"start":{"line":141,"column":18},"end":{"line":141,"column":21}},"54":{"start":{"line":142,"column":12},"end":{"line":144,"column":13}},"55":{"start":{"line":143,"column":16},"end":{"line":143,"column":22}},"56":{"start":{"line":147,"column":4},"end":{"line":147,"column":15}},"57":{"start":{"line":150,"column":0},"end":{"line":169,"column":2}},"58":{"start":{"line":151,"column":16},"end":{"line":151,"column":17}},"59":{"start":{"line":152,"column":15},"end":{"line":152,"column":16}},"60":{"start":{"line":154,"column":4},"end":{"line":154,"column":17}},"61":{"start":{"line":155,"column":4},"end":{"line":163,"column":5}},"62":{"start":{"line":155,"column":18},"end":{"line":155,"column":19}},"63":{"start":{"line":156,"column":8},"end":{"line":161,"column":9}},"64":{"start":{"line":157,"column":12},"end":{"line":157,"column":19}},"65":{"start":{"line":159,"column":12},"end":{"line":159,"column":36}},"66":{"start":{"line":160,"column":12},"end":{"line":160,"column":21}},"67":{"start":{"line":164,"column":4},"end":{"line":166,"column":5}},"68":{"start":{"line":165,"column":8},"end":{"line":165,"column":32}},"69":{"start":{"line":168,"column":4},"end":{"line":168,"column":17}},"70":{"start":{"line":171,"column":0},"end":{"line":171,"column":22}}},"fnMap":{"0":{"name":"(anonymous_0)","decl":{"start":{"line":2,"column":17},"end":{"line":2,"column":18}},"loc":{"start":{"line":2,"column":24},"end":{"line":16,"column":1}},"line":2},"1":{"name":"(anonymous_1)","decl":{"start":{"line":26,"column":15},"end":{"line":26,"column":16}},"loc":{"start":{"line":26,"column":28},"end":{"line":37,"column":1}},"line":26},"2":{"name":"(anonymous_2)","decl":{"start":{"line":49,"column":16},"end":{"line":49,"column":17}},"loc":{"start":{"line":49,"column":28},"end":{"line":63,"column":1}},"line":49},"3":{"name":"(anonymous_3)","decl":{"start":{"line":77,"column":16},"end":{"line":77,"column":17}},"loc":{"start":{"line":77,"column":28},"end":{"line":94,"column":1}},"line":77},"4":{"name":"(anonymous_4)","decl":{"start":{"line":105,"column":14},"end":{"line":105,"column":15}},"loc":{"start":{"line":105,"column":32},"end":{"line":122,"column":1}},"line":105},"5":{"name":"(anonymous_5)","decl":{"start":{"line":137,"column":13},"end":{"line":137,"column":14}},"loc":{"start":{"line":137,"column":29},"end":{"line":148,"column":1}},"line":137},"6":{"name":"(anonymous_6)","decl":{"start":{"line":150,"column":14},"end":{"line":150,"column":15}},"loc":{"start":{"line":150,"column":30},"end":{"line":169,"column":1}},"line":150}},"branchMap":{"0":{"loc":{"start":{"line":3,"column":4},"end":{"line":5,"column":5}},"type":"if","locations":[{"start":{"line":3,"column":4},"end":{"line":5,"column":5}},{"start":{"line":3,"column":4},"end":{"line":5,"column":5}}],"line":3},"1":{"loc":{"start":{"line":7,"column":4},"end":{"line":9,"column":5}},"type":"if","locations":[{"start":{"line":7,"column":4},"end":{"line":9,"column":5}},{"start":{"line":7,"column":4},"end":{"line":9,"column":5}}],"line":7},"2":{"loc":{"start":{"line":11,"column":4},"end":{"line":13,"column":5}},"type":"if","locations":[{"start":{"line":11,"column":4},"end":{"line":13,"column":5}},{"start":{"line":11,"column":4},"end":{"line":13,"column":5}}],"line":11},"3":{"loc":{"start":{"line":27,"column":4},"end":{"line":29,"column":5}},"type":"if","locations":[{"start":{"line":27,"column":4},"end":{"line":29,"column":5}},{"start":{"line":27,"column":4},"end":{"line":29,"column":5}}],"line":27},"4":{"loc":{"start":{"line":27,"column":8},"end":{"line":27,"column":26}},"type":"binary-expr","locations":[{"start":{"line":27,"column":8},"end":{"line":27,"column":15}},{"start":{"line":27,"column":19},"end":{"line":27,"column":26}}],"line":27},"5":{"loc":{"start":{"line":30,"column":4},"end":{"line":32,"column":5}},"type":"if","locations":[{"start":{"line":30,"column":4},"end":{"line":32,"column":5}},{"start":{"line":30,"column":4},"end":{"line":32,"column":5}}],"line":30},"6":{"loc":{"start":{"line":34,"column":8},"end":{"line":34,"column":38}},"type":"if","locations":[{"start":{"line":34,"column":8},"end":{"line":34,"column":38}},{"start":{"line":34,"column":8},"end":{"line":34,"column":38}}],"line":34},"7":{"loc":{"start":{"line":50,"column":4},"end":{"line":52,"column":5}},"type":"if","locations":[{"start":{"line":50,"column":4},"end":{"line":52,"column":5}},{"start":{"line":50,"column":4},"end":{"line":52,"column":5}}],"line":50},"8":{"loc":{"start":{"line":53,"column":4},"end":{"line":55,"column":5}},"type":"if","locations":[{"start":{"line":53,"column":4},"end":{"line":55,"column":5}},{"start":{"line":53,"column":4},"end":{"line":55,"column":5}}],"line":53},"9":{"loc":{"start":{"line":56,"column":4},"end":{"line":61,"column":5}},"type":"if","locations":[{"start":{"line":56,"column":4},"end":{"line":61,"column":5}},{"start":{"line":56,"column":4},"end":{"line":61,"column":5}}],"line":56},"10":{"loc":{"start":{"line":80,"column":8},"end":{"line":91,"column":9}},"type":"if","locations":[{"start":{"line":80,"column":8},"end":{"line":91,"column":9}},{"start":{"line":80,"column":8},"end":{"line":91,"column":9}}],"line":80},"11":{"loc":{"start":{"line":80,"column":12},"end":{"line":80,"column":33}},"type":"binary-expr","locations":[{"start":{"line":80,"column":12},"end":{"line":80,"column":21}},{"start":{"line":80,"column":25},"end":{"line":80,"column":33}}],"line":80},"12":{"loc":{"start":{"line":83,"column":13},"end":{"line":91,"column":9}},"type":"if","locations":[{"start":{"line":83,"column":13},"end":{"line":91,"column":9}},{"start":{"line":83,"column":13},"end":{"line":91,"column":9}}],"line":83},"13":{"loc":{"start":{"line":86,"column":13},"end":{"line":91,"column":9}},"type":"if","locations":[{"start":{"line":86,"column":13},"end":{"line":91,"column":9}},{"start":{"line":86,"column":13},"end":{"line":91,"column":9}}],"line":86},"14":{"loc":{"start":{"line":111,"column":8},"end":{"line":118,"column":9}},"type":"if","locations":[{"start":{"line":111,"column":8},"end":{"line":118,"column":9}},{"start":{"line":111,"column":8},"end":{"line":118,"column":9}}],"line":111},"15":{"loc":{"start":{"line":142,"column":12},"end":{"line":144,"column":13}},"type":"if","locations":[{"start":{"line":142,"column":12},"end":{"line":144,"column":13}},{"start":{"line":142,"column":12},"end":{"line":144,"column":13}}],"line":142},"16":{"loc":{"start":{"line":156,"column":8},"end":{"line":161,"column":9}},"type":"if","locations":[{"start":{"line":156,"column":8},"end":{"line":161,"column":9}},{"start":{"line":156,"column":8},"end":{"line":161,"column":9}}],"line":156},"17":{"loc":{"start":{"line":164,"column":4},"end":{"line":166,"column":5}},"type":"if","locations":[{"start":{"line":164,"column":4},"end":{"line":166,"column":5}},{"start":{"line":164,"column":4},"end":{"line":166,"column":5}}],"line":164}},"s":{"0":1,"1":1,"2":11,"3":3,"4":8,"5":1,"6":7,"7":1,"8":6,"9":1,"10":13,"11":2,"12":11,"13":1,"14":10,"15":10,"16":80,"17":4,"18":6,"19":1,"20":5,"21":1,"22":4,"23":0,"24":4,"25":2,"26":2,"27":1,"28":1,"29":1,"30":1,"31":15,"32":1,"33":14,"34":4,"35":10,"36":2,"37":8,"38":1,"39":1,"40":1,"41":1,"42":1,"43":13,"44":12,"45":1,"46":1,"47":1,"48":0,"49":0,"50":0,"51":0,"52":0,"53":0,"54":0,"55":0,"56":0,"57":1,"58":0,"59":0,"60":0,"61":0,"62":0,"63":0,"64":0,"65":0,"66":0,"67":0,"68":0,"69":0,"70":1},"f":{"0":11,"1":13,"2":5,"3":1,"4":1,"5":0,"6":0},"b":{"0":[3,8],"1":[1,7],"2":[1,6],"3":[2,11],"4":[13,12],"5":[1,10],"6":[4,76],"7":[1,4],"8":[0,4],"9":[2,2],"10":[1,14],"11":[15,5],"12":[4,10],"13":[2,8],"14":[12,1],"15":[0,0],"16":[0,0],"17":[0,0]},"_coverageSchema":"43e27e138ebf9cfc5966b082cf9a028302ed4184","hash":"2f906dacf4d5cb5938cc21cf5483d60bfb4412d2"}
}
