TN:
SF:C:\Users\alpha\Documents\FIPA2\TestUnitaire\tp-jest-master\tp-jest-master\src\interval.js
FN:2,(anonymous_0)
FN:7,(anonymous_1)
FN:25,(anonymous_2)
FN:45,(anonymous_3)
FN:65,(anonymous_4)
FN:108,(anonymous_5)
FN:144,(anonymous_6)
FNF:7
FNH:5
FNDA:31,(anonymous_0)
FNDA:0,(anonymous_1)
FNDA:2,(anonymous_2)
FNDA:4,(anonymous_3)
FNDA:4,(anonymous_4)
FNDA:5,(anonymous_5)
FNDA:0,(anonymous_6)
DA:3,31
DA:4,31
DA:8,0
DA:26,2
DA:46,4
DA:66,4
DA:67,4
DA:69,4
DA:70,1
DA:71,3
DA:72,1
DA:75,2
DA:76,1
DA:79,1
DA:82,2
DA:83,2
DA:86,0
DA:89,2
DA:109,5
DA:110,5
DA:111,5
DA:112,2
DA:113,2
DA:114,7
DA:115,6
DA:117,3
DA:118,2
DA:119,2
DA:120,17
DA:121,16
DA:124,5
DA:125,4
DA:149,1
LF:33
LH:31
BRDA:26,0,0,2
BRDA:26,0,1,2
BRDA:46,1,0,4
BRDA:46,1,1,2
BRDA:69,2,0,1
BRDA:69,2,1,3
BRDA:71,3,0,1
BRDA:71,3,1,2
BRDA:75,4,0,1
BRDA:75,4,1,1
BRDA:82,5,0,2
BRDA:82,5,1,0
BRDA:111,6,0,2
BRDA:111,6,1,3
BRDA:111,7,0,5
BRDA:111,7,1,5
BRDA:114,8,0,1
BRDA:114,8,1,6
BRDA:117,9,0,2
BRDA:117,9,1,1
BRDA:117,10,0,3
BRDA:117,10,1,2
BRDA:120,11,0,1
BRDA:120,11,1,16
BRDA:124,12,0,1
BRDA:124,12,1,4
BRF:26
BRH:25
end_of_record
TN:
SF:C:\Users\alpha\Documents\FIPA2\TestUnitaire\tp-jest-master\tp-jest-master\src\math.js
FN:2,(anonymous_0)
FN:26,(anonymous_1)
FN:49,(anonymous_2)
FN:77,(anonymous_3)
FN:105,(anonymous_4)
FN:137,(anonymous_5)
FN:150,(anonymous_6)
FNF:7
FNH:5
FNDA:11,(anonymous_0)
FNDA:13,(anonymous_1)
FNDA:5,(anonymous_2)
FNDA:1,(anonymous_3)
FNDA:1,(anonymous_4)
FNDA:0,(anonymous_5)
FNDA:0,(anonymous_6)
DA:1,1
DA:2,1
DA:3,11
DA:4,3
DA:7,8
DA:8,1
DA:11,7
DA:12,1
DA:15,6
DA:26,1
DA:27,13
DA:28,2
DA:30,11
DA:31,1
DA:33,10
DA:34,80
DA:35,6
DA:49,1
DA:50,5
DA:51,1
DA:53,4
DA:54,0
DA:56,4
DA:57,2
DA:60,2
DA:77,1
DA:78,1
DA:79,1
DA:80,15
DA:81,1
DA:83,14
DA:84,4
DA:86,10
DA:87,2
DA:90,8
DA:93,1
DA:105,1
DA:107,1
DA:109,1
DA:111,13
DA:113,12
DA:117,1
DA:121,1
DA:137,1
DA:138,0
DA:139,0
DA:140,0
DA:141,0
DA:142,0
DA:143,0
DA:147,0
DA:150,1
DA:151,0
DA:152,0
DA:154,0
DA:155,0
DA:156,0
DA:157,0
DA:159,0
DA:160,0
DA:164,0
DA:165,0
DA:168,0
DA:171,1
LF:64
LH:45
BRDA:3,0,0,3
BRDA:3,0,1,8
BRDA:7,1,0,1
BRDA:7,1,1,7
BRDA:11,2,0,1
BRDA:11,2,1,6
BRDA:27,3,0,2
BRDA:27,3,1,11
BRDA:27,4,0,13
BRDA:27,4,1,12
BRDA:30,5,0,1
BRDA:30,5,1,10
BRDA:34,6,0,4
BRDA:34,6,1,76
BRDA:50,7,0,1
BRDA:50,7,1,4
BRDA:53,8,0,0
BRDA:53,8,1,4
BRDA:56,9,0,2
BRDA:56,9,1,2
BRDA:80,10,0,1
BRDA:80,10,1,14
BRDA:80,11,0,15
BRDA:80,11,1,5
BRDA:83,12,0,4
BRDA:83,12,1,10
BRDA:86,13,0,2
BRDA:86,13,1,8
BRDA:111,14,0,12
BRDA:111,14,1,1
BRDA:142,15,0,0
BRDA:142,15,1,0
BRDA:156,16,0,0
BRDA:156,16,1,0
BRDA:164,17,0,0
BRDA:164,17,1,0
BRF:36
BRH:29
end_of_record
